<?xml version="1.0" encoding="UTF-8"?>
<testng-results ignored="0" total="1" passed="1" failed="0" skipped="0">
  <reporter-output>
  </reporter-output>
  <suite started-at="2024-01-22T04:51:12Z" name="Default suite" finished-at="2024-01-22T04:51:15Z" duration-ms="2611">
    <groups>
    </groups>
    <test started-at="2024-01-22T04:51:12Z" name="Default test" finished-at="2024-01-22T04:51:15Z" duration-ms="2611">
      <class name="prueba.pruebatest">
        <test-method signature="f()[pri:0, instance:prueba.pruebatest@38b27cdc]" started-at="2024-01-21T22:51:12Z" name="f" finished-at="2024-01-21T22:51:15Z" duration-ms="2600" status="PASS">
          <reporter-output>
          </reporter-output>
        </test-method> <!-- f -->
      </class> <!-- prueba.pruebatest -->
    </test> <!-- Default test -->
  </suite> <!-- Default suite -->
</testng-results>
